[38;5;86m[HTTP][0m [37m-->[39m [37mPOST[39m [37m/session[39m [90m{"capabilities":{"alwaysMatch":{"platformName":"Android","appium:deviceName":"RZCW40LET9X","appium:platformVersion":"13.0","appium:automationName":"UiAutomator2","appium:app":"C:\\Users\\Datamatics\\Desktop\\Test-Webdriverioappium\\app\\android\\Sampleapp.apk","appium:appPackage":"com.swaglabsmobileapp","appium:appActivity":"com.swaglabsmobileapp.SplashActivity"},"firstMatch":[{}]},"desiredCapabilities":{"platformName":"Android","appium:deviceName":"RZCW40LET9X","appium:platformVersion":"13.0","appium:automationName":"UiAutomator2","appium:app":"C:\\Users\\Datamatics\\Desktop\\Test-Webdriverioappium\\app\\android\\Sampleapp.apk","appium:appPackage":"com.swaglabsmobileapp","appium:appActivity":"com.swaglabsmobileapp.SplashActivity"}}[39m
[38;5;57m[AppiumDriver@759f][0m Calling AppiumDriver.createSession() with args: [{"platformName":"Android","appium:deviceName":"RZCW40LET9X","appium:platformVersion":"13.0","appium:automationName":"UiAutomator2","appium:app":"C:\\Users\\Datamatics\\Desktop\\Test-Webdriverioappium\\app\\android\\Sampleapp.apk","appium:appPackage":"com.swaglabsmobileapp","appium:appActivity":"com.swaglabsmobileapp.SplashActivity"},null,{"alwaysMatch":{"platformName":"Android","appium:deviceName":"RZCW40LET9X","appium:platformVersion":"13.0","appium:automationName":"UiAutomator2","appium:app":"C:\\Users\\Datamatics\\Desktop\\Test-Webdriverioappium\\app\\android\\Sampleapp.apk","appium:appPackage":"com.swaglabsmobileapp","appium:appActivity":"com.swaglabsmobileapp.SplashActivity"},"firstMatch":[{}]}]
[38;5;57m[AppiumDriver@759f][0m Event 'newSessionRequested' logged at 1722427037962 (17:27:17 GMT+0530 (India Standard Time))
[38;5;112m[Appium][0m Attempting to find matching driver for automationName 'UiAutomator2' and platformName 'Android'
[38;5;112m[Appium][0m The 'uiautomator2' driver was installed and matched caps.
[38;5;112m[Appium][0m Will require it at C:\Users\Datamatics\Desktop\Test-Webdriverioappium\node_modules\appium-uiautomator2-driver
[38;5;112m[Appium][0m Requiring driver at C:\Users\Datamatics\Desktop\Test-Webdriverioappium\node_modules\appium-uiautomator2-driver\build\index.js
[38;5;57m[AppiumDriver@759f][0m Appium v2.11.2 creating new AndroidUiautomator2Driver (v3.7.4) session
[38;5;57m[AppiumDriver@759f][0m Checking BaseDriver versions for Appium and AndroidUiautomator2Driver
[38;5;57m[AppiumDriver@759f][0m Appium's BaseDriver version is 9.11.2
[38;5;57m[AppiumDriver@759f][0m AndroidUiautomator2Driver's BaseDriver version is 9.11.2
[38;5;7m[AndroidUiautomator2Driver@97c7][0m undefined
[38;5;7m[AndroidUiautomator2Driver@97c7][0m Creating session with W3C capabilities: {
  "alwaysMatch": {
    "platformName": "Android",
    "appium:deviceName": "RZCW40LET9X",
    "appium:platformVersion": "13.0",
    "appium:automationName": "UiAutomator2",
    "appium:app": "C:\\Users\\Datamatics\\Desktop\\Test-Webdriverioappium\\app\\android\\Sampleapp.apk",
    "appium:appPackage": "com.swaglabsmobileapp",
    "appium:appActivity": "com.swaglabsmobileapp.SplashActivity"
  },
  "firstMatch": [
    {}
  ]
}
[38;5;144m[19d51e8e][0m[38;5;7m[AndroidUiautomator2Driver@97c7][0m Session created with session id: 19d51e8e-ec91-4982-b4ad-21b453b2a756
[38;5;144m[19d51e8e][0m[38;5;229m[ADB][0m Found 2 'build-tools' folders under 'C:\Users\Datamatics\AppData\Local\Android\sdk' (newest first):
[38;5;144m[19d51e8e][0m[38;5;229m[ADB][0m     C:\Users\Datamatics\AppData\Local\Android\sdk\build-tools\34.0.0
[38;5;144m[19d51e8e][0m[38;5;229m[ADB][0m     C:\Users\Datamatics\AppData\Local\Android\sdk\build-tools\33.0.1
[38;5;144m[19d51e8e][0m[38;5;229m[ADB][0m Using 'adb.exe' from 'C:\Users\Datamatics\AppData\Local\Android\sdk\platform-tools\adb.exe'
[38;5;144m[19d51e8e][0m[38;5;229m[ADB][0m Running 'C:\Users\Datamatics\AppData\Local\Android\sdk\platform-tools\adb.exe -P 5037 start-server'
[38;5;144m[19d51e8e][0m[38;5;7m[AndroidUiautomator2Driver@97c7][0m Retrieving device list
[38;5;144m[19d51e8e][0m[38;5;229m[ADB][0m Trying to find connected Android devices
[38;5;144m[19d51e8e][0m[38;5;229m[ADB][0m Getting connected devices
[38;5;144m[19d51e8e][0m[38;5;229m[ADB][0m Connected devices: [{"udid":"RZCW40LET9X","state":"device"}]
[38;5;144m[19d51e8e][0m[38;5;7m[AndroidUiautomator2Driver@97c7][0m Looking for a device with Android '13.0.0'
[38;5;144m[19d51e8e][0m[38;5;229m[ADB][0m Setting device id to RZCW40LET9X
[38;5;144m[19d51e8e][0m[38;5;229m[ADB][0m Getting device platform version
[38;5;144m[19d51e8e][0m[38;5;229m[ADB][0m Running 'C:\Users\Datamatics\AppData\Local\Android\sdk\platform-tools\adb.exe -P 5037 -s RZCW40LET9X shell getprop ro.build.version.release'
[38;5;144m[19d51e8e][0m[38;5;229m[ADB][0m Current device property 'ro.build.version.release': 13
[38;5;144m[19d51e8e][0m[38;5;7m[AndroidUiautomator2Driver@97c7][0m Using device: RZCW40LET9X
[38;5;144m[19d51e8e][0m[38;5;229m[ADB][0m Using 'adb.exe' from 'C:\Users\Datamatics\AppData\Local\Android\sdk\platform-tools\adb.exe'
[38;5;144m[19d51e8e][0m[38;5;229m[ADB][0m Running 'C:\Users\Datamatics\AppData\Local\Android\sdk\platform-tools\adb.exe -P 5037 start-server'
[38;5;144m[19d51e8e][0m[38;5;229m[ADB][0m Setting device id to RZCW40LET9X
[38;5;144m[19d51e8e][0m[38;5;123m[BaseDriver][0m Using local app 'C:\Users\Datamatics\Desktop\Test-Webdriverioappium\app\android\Sampleapp.apk'
[38;5;144m[19d51e8e][0m[38;5;7m[AndroidUiautomator2Driver@97c7][0m Checking whether app is actually present
[38;5;144m[19d51e8e][0m[38;5;229m[ADB][0m Running 'C:\Users\Datamatics\AppData\Local\Android\sdk\platform-tools\adb.exe -P 5037 -s RZCW40LET9X shell getprop ro.build.version.sdk'
[38;5;144m[19d51e8e][0m[38;5;229m[ADB][0m Current device property 'ro.build.version.sdk': 33
[38;5;144m[19d51e8e][0m[38;5;229m[ADB][0m Getting device platform version
[38;5;144m[19d51e8e][0m[38;5;229m[ADB][0m Running 'C:\Users\Datamatics\AppData\Local\Android\sdk\platform-tools\adb.exe -P 5037 -s RZCW40LET9X shell getprop ro.build.version.release'
[38;5;144m[19d51e8e][0m[38;5;229m[ADB][0m Current device property 'ro.build.version.release': 13
[38;5;144m[19d51e8e][0m[38;5;229m[ADB][0m Device API level: 33
[38;5;144m[19d51e8e][0m[38;5;7m[AndroidUiautomator2Driver@97c7][0m Relaxing hidden api policy
[38;5;144m[19d51e8e][0m[38;5;229m[ADB][0m Running 'C:\Users\Datamatics\AppData\Local\Android\sdk\platform-tools\adb.exe -P 5037 -s RZCW40LET9X shell 'settings put global hidden_api_policy_pre_p_apps 1;settings put global hidden_api_policy_p_apps 1;settings put global hidden_api_policy 1''
[38;5;144m[19d51e8e][0m[38;5;7m[AndroidUiautomator2Driver@97c7][0m Pushing settings apk to the device...
[38;5;144m[19d51e8e][0m[38;5;229m[ADB][0m Getting package info for 'io.appium.settings'
[38;5;144m[19d51e8e][0m[38;5;229m[ADB][0m Running 'C:\Users\Datamatics\AppData\Local\Android\sdk\platform-tools\adb.exe -P 5037 -s RZCW40LET9X shell dumpsys package io.appium.settings'
[38;5;144m[19d51e8e][0m[38;5;229m[ADB][0m Using 'aapt2.exe' from 'C:\Users\Datamatics\AppData\Local\Android\sdk\build-tools\34.0.0\aapt2.exe'
[38;5;144m[19d51e8e][0m[38;5;229m[ADB][0m Reading package manifest: 'C:\\Users\\Datamatics\\AppData\\Local\\Android\\sdk\\build-tools\\34.0.0\\aapt2.exe dump badging C:\\Users\\Datamatics\\Desktop\\Test-Webdriverioappium\\node_modules\\appium-uiautomator2-driver\\node_modules\\io.appium.settings\\apks\\settings_apk-debug.apk'
[38;5;144m[19d51e8e][0m[38;5;229m[ADB][0m The version name of the installed 'io.appium.settings' is greater or equal to the application version name ('5.12.7' >= '5.12.7')
[38;5;144m[19d51e8e][0m[38;5;229m[ADB][0m There is no need to install/upgrade 'C:\Users\Datamatics\Desktop\Test-Webdriverioappium\node_modules\appium-uiautomator2-driver\node_modules\io.appium.settings\apks\settings_apk-debug.apk'
[38;5;144m[19d51e8e][0m[38;5;229m[ADB][0m Running 'C:\Users\Datamatics\AppData\Local\Android\sdk\platform-tools\adb.exe -P 5037 -s RZCW40LET9X shell dumpsys activity services io.appium.settings'
[38;5;144m[19d51e8e][0m[38;5;7m[AndroidUiautomator2Driver@97c7][0m io.appium.settings is already running. There is no need to reset its permissions.
[38;5;144m[19d51e8e][0m[38;5;160m[Logcat][0m Starting logs capture with command: C:\\Users\\Datamatics\\AppData\\Local\\Android\\sdk\\platform-tools\\adb.exe -P 5037 -s RZCW40LET9X logcat -v threadtime
[38;5;144m[19d51e8e][0m[38;5;229m[ADB][0m Running 'C:\Users\Datamatics\AppData\Local\Android\sdk\platform-tools\adb.exe -P 5037 -s RZCW40LET9X shell appops set io.appium.settings android:mock_location allow'
[38;5;144m[19d51e8e][0m[38;5;229m[ADB][0m Running 'C:\Users\Datamatics\AppData\Local\Android\sdk\platform-tools\adb.exe -P 5037 -s RZCW40LET9X shell "[ -e '/data/local/tmp/mock_apps.json' ] && echo __PASS__"'
[38;5;144m[19d51e8e][0m[38;5;229m[ADB][0m Running 'C:\Users\Datamatics\AppData\Local\Android\sdk\platform-tools\adb.exe -P 5037 -s RZCW40LET9X shell cat /data/local/tmp/mock_apps.json'
[38;5;144m[19d51e8e][0m[38;5;7m[AndroidUiautomator2Driver@97c7][0m Forwarding UiAutomator2 Server port 6790 to local port 8201
[38;5;144m[19d51e8e][0m[38;5;229m[ADB][0m Forwarding system: 8201 to device: 6790
[38;5;144m[19d51e8e][0m[38;5;229m[ADB][0m Running 'C:\Users\Datamatics\AppData\Local\Android\sdk\platform-tools\adb.exe -P 5037 -s RZCW40LET9X forward tcp:8201 tcp:6790'
[38;5;144m[19d51e8e][0m[38;5;229m[ADB][0m Getting package info for 'io.appium.uiautomator2.server'
[38;5;144m[19d51e8e][0m[38;5;229m[ADB][0m Running 'C:\Users\Datamatics\AppData\Local\Android\sdk\platform-tools\adb.exe -P 5037 -s RZCW40LET9X shell dumpsys package io.appium.uiautomator2.server'
[38;5;144m[19d51e8e][0m[38;5;229m[ADB][0m Getting install status for io.appium.uiautomator2.server.test
[38;5;144m[19d51e8e][0m[38;5;229m[ADB][0m Checking app cert for C:\Users\Datamatics\Desktop\Test-Webdriverioappium\app\android\Sampleapp.apk
[38;5;144m[19d51e8e][0m[38;5;229m[ADB][0m Running 'C:\Users\Datamatics\AppData\Local\Android\sdk\platform-tools\adb.exe -P 5037 -s RZCW40LET9X shell cmd package list packages'
[38;5;144m[19d51e8e][0m[38;5;229m[ADB][0m Reading package manifest: 'C:\\Users\\Datamatics\\AppData\\Local\\Android\\sdk\\build-tools\\34.0.0\\aapt2.exe dump badging C:\\Users\\Datamatics\\Desktop\\Test-Webdriverioappium\\node_modules\\appium-uiautomator2-driver\\node_modules\\appium-uiautomator2-server\\apks\\appium-uiautomator2-server-v7.0.20.apk'
[38;5;144m[19d51e8e][0m[38;5;229m[ADB][0m 'io.appium.uiautomator2.server.test' is installed
[38;5;144m[19d51e8e][0m[38;5;229m[ADB][0m The version name of the installed 'io.appium.uiautomator2.server' is greater or equal to the application version name ('7.0.20' >= '7.0.20')
[38;5;144m[19d51e8e][0m[38;5;7m[AndroidUiautomator2Driver@97c7][0m Server packages status: [{"installState":"sameVersionInstalled","appPath":"C:\\Users\\Datamatics\\Desktop\\Test-Webdriverioappium\\node_modules\\appium-uiautomator2-driver\\node_modules\\appium-uiautomator2-server\\apks\\appium-uiautomator2-server-v7.0.20.apk","appId":"io.appium.uiautomator2.server"},{"installState":"sameVersionInstalled","appPath":"C:\\Users\\Datamatics\\Desktop\\Test-Webdriverioappium\\node_modules\\appium-uiautomator2-driver\\node_modules\\appium-uiautomator2-server\\apks\\appium-uiautomator2-server-debug-androidTest.apk","appId":"io.appium.uiautomator2.server.test"}]
[38;5;144m[19d51e8e][0m[38;5;7m[AndroidUiautomator2Driver@97c7][0m Server packages are not going to be (re)installed
[38;5;144m[19d51e8e][0m[38;5;7m[AndroidUiautomator2Driver@97c7][0m Waiting up to 30000ms for services to be available
[38;5;144m[19d51e8e][0m[38;5;229m[ADB][0m Running 'C:\Users\Datamatics\AppData\Local\Android\sdk\platform-tools\adb.exe -P 5037 -s RZCW40LET9X shell pm list instrumentation'
[38;5;144m[19d51e8e][0m[38;5;7m[AndroidUiautomator2Driver@97c7][0m Instrumentation target 'io.appium.uiautomator2.server.test/androidx.test.runner.AndroidJUnitRunner' is available
[38;5;144m[19d51e8e][0m[38;5;229m[ADB][0m Adding packages ["io.appium.settings","io.appium.uiautomator2.server","io.appium.uiautomator2.server.test"] to Doze whitelist
[38;5;144m[19d51e8e][0m[38;5;229m[ADB][0m Got the following command chunks to execute: [["dumpsys","deviceidle","whitelist","+io.appium.settings",";","dumpsys","deviceidle","whitelist","+io.appium.uiautomator2.server",";","dumpsys","deviceidle","whitelist","+io.appium.uiautomator2.server.test",";"]]
[38;5;144m[19d51e8e][0m[38;5;229m[ADB][0m Running 'C:\Users\Datamatics\AppData\Local\Android\sdk\platform-tools\adb.exe -P 5037 -s RZCW40LET9X shell dumpsys deviceidle whitelist +io.appium.settings ; dumpsys deviceidle whitelist +io.appium.uiautomator2.server ; dumpsys deviceidle whitelist +io.appium.uiautomator2.server.test ;'
[38;5;144m[19d51e8e][0m[38;5;229m[ADB][0m Using 'apksigner.jar' from 'C:\Users\Datamatics\AppData\Local\Android\sdk\build-tools\34.0.0\lib\apksigner.jar'
[38;5;144m[19d51e8e][0m[38;5;229m[ADB][0m Starting apksigner: 'C:\\Program Files\\Java\\jdk-17\\bin\\java.exe' -Xmx1024M -Xss1m -jar C:\\Users\\Datamatics\\AppData\\Local\\Android\\sdk\\build-tools\\34.0.0\\lib\\apksigner.jar verify --print-certs C:\\Users\\Datamatics\\Desktop\\Test-Webdriverioappium\\app\\android\\Sampleapp.apk
[38;5;144m[19d51e8e][0m[38;5;229m[ADB][0m apksigner stdout: Signer #1 certificate DN: CN=wswebcreation, OU=sample-app, O=Sauce Labs, L=San Francisco, ST=California, C=CA
Signer #1 certificate SHA-256 digest: 24fd76156cde9748f50e68dbdafde6498ec4beaa41316438d06ffdde41ce7a3d
Signer #1 certificate SHA-1 digest: 2a1a91b5b813edbd94986bffb8398349b9b504e0
Signer #1 certificate MD5 digest: ac89c8eda61ba1f13ee22bae56d13abc

[38;5;144m[19d51e8e][0m[38;5;229m[ADB][0m 'C:\Users\Datamatics\Desktop\Test-Webdriverioappium\app\android\Sampleapp.apk' is signed with a non-default certificate
[38;5;144m[19d51e8e][0m[38;5;229m[ADB][0m Getting package info for 'com.swaglabsmobileapp'
[38;5;144m[19d51e8e][0m[38;5;229m[ADB][0m Running 'C:\Users\Datamatics\AppData\Local\Android\sdk\platform-tools\adb.exe -P 5037 -s RZCW40LET9X shell dumpsys package com.swaglabsmobileapp'
[38;5;144m[19d51e8e][0m[38;5;229m[ADB][0m Reading package manifest: 'C:\\Users\\Datamatics\\AppData\\Local\\Android\\sdk\\build-tools\\34.0.0\\aapt2.exe dump badging C:\\Users\\Datamatics\\Desktop\\Test-Webdriverioappium\\app\\android\\Sampleapp.apk'
[38;5;144m[19d51e8e][0m[38;5;229m[ADB][0m The version name of the installed 'com.swaglabsmobileapp' is greater or equal to the application version name ('2.7.1' >= '2.7.1')
[38;5;144m[19d51e8e][0m[38;5;229m[ADB][0m There is no need to install/upgrade 'C:\Users\Datamatics\Desktop\Test-Webdriverioappium\app\android\Sampleapp.apk'
[38;5;144m[19d51e8e][0m[38;5;7m[AndroidUiautomator2Driver@97c7][0m Performing fast reset on 'com.swaglabsmobileapp'
[38;5;144m[19d51e8e][0m[38;5;229m[ADB][0m Getting install status for com.swaglabsmobileapp
[38;5;144m[19d51e8e][0m[38;5;229m[ADB][0m Running 'C:\Users\Datamatics\AppData\Local\Android\sdk\platform-tools\adb.exe -P 5037 -s RZCW40LET9X shell cmd package list packages'
[38;5;144m[19d51e8e][0m[38;5;229m[ADB][0m 'com.swaglabsmobileapp' is installed
[38;5;144m[19d51e8e][0m[38;5;229m[ADB][0m Running 'C:\Users\Datamatics\AppData\Local\Android\sdk\platform-tools\adb.exe -P 5037 -s RZCW40LET9X shell am force-stop com.swaglabsmobileapp'
[38;5;144m[19d51e8e][0m[38;5;229m[ADB][0m Running 'C:\Users\Datamatics\AppData\Local\Android\sdk\platform-tools\adb.exe -P 5037 -s RZCW40LET9X shell pm clear com.swaglabsmobileapp'
[38;5;144m[19d51e8e][0m[38;5;7m[AndroidUiautomator2Driver@97c7][0m Performed fast reset on the installed 'com.swaglabsmobileapp' application (stop and clear)
[38;5;144m[19d51e8e][0m[38;5;7m[AndroidUiautomator2Driver@97c7][0m Performing shallow cleanup of automation leftovers
[38;5;144m[19d51e8e][0m[38;5;7m[AndroidUiautomator2Driver@97c7][0m No obsolete sessions have been detected (socket hang up)
[38;5;144m[19d51e8e][0m[38;5;229m[ADB][0m Running 'C:\Users\Datamatics\AppData\Local\Android\sdk\platform-tools\adb.exe -P 5037 -s RZCW40LET9X shell am force-stop io.appium.uiautomator2.server'
[38;5;144m[19d51e8e][0m[38;5;229m[ADB][0m Running 'C:\Users\Datamatics\AppData\Local\Android\sdk\platform-tools\adb.exe -P 5037 -s RZCW40LET9X shell am force-stop io.appium.uiautomator2.server.test'
[38;5;144m[19d51e8e][0m[38;5;7m[AndroidUiautomator2Driver@97c7][0m Starting UIAutomator2 server 7.0.20
[38;5;144m[19d51e8e][0m[38;5;7m[AndroidUiautomator2Driver@97c7][0m Using UIAutomator2 server from 'C:\Users\Datamatics\Desktop\Test-Webdriverioappium\node_modules\appium-uiautomator2-driver\node_modules\appium-uiautomator2-server\apks\appium-uiautomator2-server-v7.0.20.apk' and test from 'C:\Users\Datamatics\Desktop\Test-Webdriverioappium\node_modules\appium-uiautomator2-driver\node_modules\appium-uiautomator2-server\apks\appium-uiautomator2-server-debug-androidTest.apk'
[38;5;144m[19d51e8e][0m[38;5;7m[AndroidUiautomator2Driver@97c7][0m Waiting up to 30000ms for UiAutomator2 to be online...
[38;5;144m[19d51e8e][0m[38;5;229m[ADB][0m Creating ADB subprocess with args: ["-P","5037","-s","RZCW40LET9X","shell","am","instrument","-w","-e","disableAnalytics","true","io.appium.uiautomator2.server.test/androidx.test.runner.AndroidJUnitRunner"]
[38;5;144m[19d51e8e][0m[38;5;7m[AndroidUiautomator2Driver@97c7][0m Matched '/status' to command name 'getStatus'
[38;5;144m[19d51e8e][0m[38;5;7m[AndroidUiautomator2Driver@97c7][0m Proxying [GET /status] to [GET http://127.0.0.1:8201/status] with no body
[38;5;144m[19d51e8e][0m[38;5;7m[AndroidUiautomator2Driver@97c7][0m socket hang up
[38;5;144m[19d51e8e][0m[38;5;7m[AndroidUiautomator2Driver@97c7][0m Matched '/status' to command name 'getStatus'
[38;5;144m[19d51e8e][0m[38;5;7m[AndroidUiautomator2Driver@97c7][0m Proxying [GET /status] to [GET http://127.0.0.1:8201/status] with no body
[38;5;144m[19d51e8e][0m[38;5;7m[AndroidUiautomator2Driver@97c7][0m socket hang up
[38;5;144m[19d51e8e][0m[38;5;7m[AndroidUiautomator2Driver@97c7][0m [Instrumentation] 
[38;5;144m[19d51e8e][0m[38;5;7m[AndroidUiautomator2Driver@97c7][0m Matched '/status' to command name 'getStatus'
[38;5;144m[19d51e8e][0m[38;5;7m[AndroidUiautomator2Driver@97c7][0m Proxying [GET /status] to [GET http://127.0.0.1:8201/status] with no body
[38;5;144m[19d51e8e][0m[38;5;7m[AndroidUiautomator2Driver@97c7][0m socket hang up
[38;5;144m[19d51e8e][0m[38;5;7m[AndroidUiautomator2Driver@97c7][0m Matched '/status' to command name 'getStatus'
[38;5;144m[19d51e8e][0m[38;5;7m[AndroidUiautomator2Driver@97c7][0m Proxying [GET /status] to [GET http://127.0.0.1:8201/status] with no body
[38;5;144m[19d51e8e][0m[38;5;7m[AndroidUiautomator2Driver@97c7][0m socket hang up
[38;5;144m[19d51e8e][0m[38;5;7m[AndroidUiautomator2Driver@97c7][0m Matched '/status' to command name 'getStatus'
[38;5;144m[19d51e8e][0m[38;5;7m[AndroidUiautomator2Driver@97c7][0m Proxying [GET /status] to [GET http://127.0.0.1:8201/status] with no body
[38;5;144m[19d51e8e][0m[38;5;7m[AndroidUiautomator2Driver@97c7][0m Got response with status 200: {"sessionId":"None","value":{"message":"UiAutomator2 Server is ready to accept commands","ready":true}}
[38;5;144m[19d51e8e][0m[38;5;7m[AndroidUiautomator2Driver@97c7][0m The initialization of the instrumentation process took 4389ms
[38;5;144m[19d51e8e][0m[38;5;7m[AndroidUiautomator2Driver@97c7][0m Matched '/session' to command name 'createSession'
[38;5;144m[19d51e8e][0m[38;5;7m[AndroidUiautomator2Driver@97c7][0m Proxying [POST /session] to [POST http://127.0.0.1:8201/session] with body: {"capabilities":{"firstMatch":[{"platformName":"Android","deviceName":"RZCW40LET9X","platformVersion":"13.0","automationName":"UiAutomator2","app":"C:\\Users\\Datamatics\\Desktop\\Test-Webdriverioappium\\app\\android\\Sampleapp.apk","appPackage":"com.swaglabsmobileapp","appActivity":"com.swaglabsmobileapp.SplashActivity","platform":"LINUX","webStorageEnabled":false,"takesScreenshot":true,"javascriptEnabled":true,"databaseEnabled":false,"networkConnectionEnabled":true,"locationContextEnabled":false,"warnings":{},"desired":{"platformName":"Android","deviceName":"RZCW40LET9X","platformVersion":"13.0","automationName":"UiAutomator2","app":"C:\\Users\\Datamatics\\Desktop\\Test-Webdriverioappium\\app\\android\\Sampleapp.apk","appPackage":"com.swaglabsmobileapp","appActivity":"com.swaglabsmobileapp.SplashActivity"},"deviceUDID":"RZCW40LET9X"}],"alwaysMatch":{}}}
[38;5;144m[19d51e8e][0m[38;5;7m[AndroidUiautomator2Driver@97c7][0m Got response with status 200: {"sessionId":"0f286207-101f-468a-b035-ea4ff41b4924","value":{"capabilities":{"firstMatch":[{"platformName":"Android","deviceName":"RZCW40LET9X","platformVersion":"13.0","automationName":"UiAutomator2","app":"C:\\Users\\Datamatics\\Desktop\\Test-Webdriverioappium\\app\\android\\Sampleapp.apk","appPackage":"com.swaglabsmobileapp","appActivity":"com.swaglabsmobileapp.SplashActivity","platform":"LINUX","webStorageEnabled":false,"takesScreenshot":true,"javascriptEnabled":true,"databaseEnabled":false,"networkConnectionEnabled":true,"locationContextEnabled":false,"warnings":{},"desired":{"platformName":"Android","deviceName":"RZCW40LET9X","platformVersion":"13.0","automationName":"UiAutomator2","app":"C:\\Users\\Datamatics\\Desktop\\Test-Webdriverioappium\\app\\android\\Sampleapp.apk","appPackage":"com.swaglabsmobileapp","appActivity":"com.swaglabsmobileapp.SplashActivity"},"deviceUDID":"RZCW40LET9X"}],"alwaysMatch":{}},"sessionId":"0f286207-101f-468a-b035-ea4ff41b4924"}}
[38;5;144m[19d51e8e][0m[38;5;7m[AndroidUiautomator2Driver@97c7][0m Determined the downstream protocol as 'W3C'
[38;5;144m[19d51e8e][0m[38;5;7m[AndroidUiautomator2Driver@97c7][0m Proxying [GET /appium/device/pixel_ratio] to [GET http://127.0.0.1:8201/session/0f286207-101f-468a-b035-ea4ff41b4924/appium/device/pixel_ratio] with no body
[38;5;144m[19d51e8e][0m[38;5;7m[AndroidUiautomator2Driver@97c7][0m Matched '/appium/device/system_bars' to command name 'getSystemBars'
[38;5;144m[19d51e8e][0m[38;5;7m[AndroidUiautomator2Driver@97c7][0m Proxying [GET /appium/device/system_bars] to [GET http://127.0.0.1:8201/session/0f286207-101f-468a-b035-ea4ff41b4924/appium/device/system_bars] with no body
[38;5;144m[19d51e8e][0m[38;5;7m[AndroidUiautomator2Driver@97c7][0m Matched '/window/current/size' to command name 'getWindowSize'
[38;5;144m[19d51e8e][0m[38;5;7m[AndroidUiautomator2Driver@97c7][0m Proxying [GET /window/current/size] to [GET http://127.0.0.1:8201/session/0f286207-101f-468a-b035-ea4ff41b4924/window/current/size] with no body
[38;5;144m[19d51e8e][0m[38;5;7m[AndroidUiautomator2Driver@97c7][0m Proxying [GET /appium/device/info] to [GET http://127.0.0.1:8201/session/0f286207-101f-468a-b035-ea4ff41b4924/appium/device/info] with no body
[38;5;144m[19d51e8e][0m[38;5;229m[ADB][0m Running 'C:\Users\Datamatics\AppData\Local\Android\sdk\platform-tools\adb.exe -P 5037 -s RZCW40LET9X shell dumpsys window'
[38;5;144m[19d51e8e][0m[38;5;229m[ADB][0m Running 'C:\Users\Datamatics\AppData\Local\Android\sdk\platform-tools\adb.exe -P 5037 -s RZCW40LET9X shell dumpsys power'
[38;5;144m[19d51e8e][0m[38;5;7m[AndroidUiautomator2Driver@97c7][0m Got response with status 200: {"sessionId":"0f286207-101f-468a-b035-ea4ff41b4924","value":2.8125}
[38;5;144m[19d51e8e][0m[38;5;7m[AndroidUiautomator2Driver@97c7][0m Got response with status 200: {"sessionId":"0f286207-101f-468a-b035-ea4ff41b4924","value":{"height":2408,"width":1080}}
[38;5;144m[19d51e8e][0m[38;5;7m[AndroidUiautomator2Driver@97c7][0m Got response with status 200: {"sessionId":"0f286207-101f-468a-b035-ea4ff41b4924","value":{"statusBar":64}}
[38;5;144m[19d51e8e][0m[38;5;7m[AndroidUiautomator2Driver@97c7][0m Got response with status 200: {"sessionId":"0f286207-101f-468a-b035-ea4ff41b4924","value":{"androidId":"841f60828964ddb5","apiVersion":"33","bluetooth":{"state":"ON"},"brand":"samsung","carrierName":"JIO 4G","displayDensity":450,"locale":"en_IN","manufacturer":"samsung","model":"SM-M146B","networks":[{"capabilities":{"SSID":null,"linkDownBandwidthKbps":30000,"linkUpstreamBandwidthKbps":15000,"networkCapabilities":"NET_CAPABILITY_IMS,NET_CAPABILITY_NOT_METERED,NET_CAPABILITY_TRUSTED,NET_CAPABILITY_NOT_VPN,NET_CAPABILITY_VALIDATED,NET_CAPABILITY_NOT_ROAMING,NET_CAPABILITY_FOREGROUND,NET_CAPABILITY_NOT_CONGESTED,NET_CAPABILITY_NOT_SUSPENDED","signalStrength":-2147483648,"transportTypes":"TRANSPORT_CELLULAR"},"detailedState":"CONNECTED","extraInfo":"IMS","isAvailable":true,"isConnected":true,"isFailover":false,"isRoaming":false,"state":"CONNECTED","subtype":13,"subtypeName":"LTE","type":0,"typeName":"MOBILE"},{"capabilities":{"SSID":null,"linkDownBandwidthKbps":31421,"linkUpstreamBandwidthKbps":38261,"networkCapabilities":"NET_CAPABILITY_N...
[38;5;144m[19d51e8e][0m[38;5;7m[AndroidUiautomator2Driver@97c7][0m Screen already unlocked, doing nothing
[38;5;144m[19d51e8e][0m[38;5;7m[AndroidUiautomator2Driver@97c7][0m Starting 'com.swaglabsmobileapp/com.swaglabsmobileapp.SplashActivity and waiting for 'com.swaglabsmobileapp/com.swaglabsmobileapp.SplashActivity'
[38;5;144m[19d51e8e][0m[38;5;229m[ADB][0m Running 'C:\Users\Datamatics\AppData\Local\Android\sdk\platform-tools\adb.exe -P 5037 -s RZCW40LET9X shell am start -W -n com.swaglabsmobileapp/com.swaglabsmobileapp.SplashActivity -S -a android.intent.action.MAIN -c android.intent.category.LAUNCHER -f 0x10200000'
[38;5;144m[19d51e8e][0m[38;5;57m[AppiumDriver@759f][0m New AndroidUiautomator2Driver session created successfully, session 19d51e8e-ec91-4982-b4ad-21b453b2a756 added to master session list
[38;5;144m[19d51e8e][0m[38;5;57m[AppiumDriver@759f][0m Event 'newSessionStarted' logged at 1722427051321 (17:27:31 GMT+0530 (India Standard Time))
[38;5;144m[19d51e8e][0m[38;5;7m[AndroidUiautomator2Driver@97c7][0m Cached the protocol value 'W3C' for the new session 19d51e8e-ec91-4982-b4ad-21b453b2a756
[38;5;144m[19d51e8e][0m[38;5;7m[AndroidUiautomator2Driver@97c7][0m Responding to client with driver.createSession() result: {"capabilities":{"platformName":"Android","deviceName":"RZCW40LET9X","platformVersion":"13","automationName":"UiAutomator2","app":"C:\\Users\\Datamatics\\Desktop\\Test-Webdriverioappium\\app\\android\\Sampleapp.apk","appPackage":"com.swaglabsmobileapp","appActivity":"com.swaglabsmobileapp.SplashActivity","platform":"LINUX","webStorageEnabled":false,"takesScreenshot":true,"javascriptEnabled":true,"databaseEnabled":false,"networkConnectionEnabled":true,"locationContextEnabled":false,"warnings":{},"desired":{"platformName":"Android","deviceName":"RZCW40LET9X","platformVersion":"13.0","automationName":"UiAutomator2","app":"C:\\Users\\Datamatics\\Desktop\\Test-Webdriverioappium\\app\\android\\Sampleapp.apk","appPackage":"com.swaglabsmobileapp","appActivity":"com.swaglabsmobileapp.SplashActivity"},"deviceUDID":"RZCW40LET9X","pixelRatio":"2.8125","statBarHeight":64,"viewportRect":{"left":0,"top":64,"width":1080,"height":2344},"deviceApiLevel":33,"deviceManufacturer":"samsung","deviceModel":"SM-M146B","deviceScree...
[38;5;144m[19d51e8e][0m[38;5;86m[HTTP][0m [37m<-- POST /session [39m[32m200[39m [90m13369 ms - 1128[39m [90m[39m
[38;5;144m[19d51e8e][0m[38;5;86m[HTTP][0m [37m-->[39m [37mPOST[39m [37m/session/19d51e8e-ec91-4982-b4ad-21b453b2a756/element[39m [90m{"using":"xpath","value":"//android.widget.EditText[@text=\"Username\"]"}[39m
[38;5;144m[19d51e8e][0m[38;5;7m[AndroidUiautomator2Driver@97c7][0m Calling AppiumDriver.findElement() with args: ["xpath","//android.widget.EditText[@text=\"Username\"]","19d51e8e-ec91-4982-b4ad-21b453b2a756"]
[38;5;144m[19d51e8e][0m[38;5;7m[AndroidUiautomator2Driver@97c7][0m Valid locator strategies for this request: xpath, id, class name, accessibility id, css selector, -android uiautomator
[38;5;144m[19d51e8e][0m[38;5;7m[AndroidUiautomator2Driver@97c7][0m Waiting up to 0 ms for condition
[38;5;144m[19d51e8e][0m[38;5;7m[AndroidUiautomator2Driver@97c7][0m Matched '/element' to command name 'findElement'
[38;5;144m[19d51e8e][0m[38;5;7m[AndroidUiautomator2Driver@97c7][0m Proxying [POST /element] to [POST http://127.0.0.1:8201/session/0f286207-101f-468a-b035-ea4ff41b4924/element] with body: {"strategy":"xpath","selector":"//android.widget.EditText[@text=\"Username\"]","context":"","multiple":false}
[38;5;144m[19d51e8e][0m[38;5;7m[AndroidUiautomator2Driver@97c7][0m Got response with status 200: {"sessionId":"0f286207-101f-468a-b035-ea4ff41b4924","value":{"ELEMENT":"00000000-0000-04d7-ffff-ffff0000002b","element-6066-11e4-a52e-4f735466cecf":"00000000-0000-04d7-ffff-ffff0000002b"}}
[38;5;144m[19d51e8e][0m[38;5;7m[AndroidUiautomator2Driver@97c7][0m Responding to client with driver.findElement() result: {"element-6066-11e4-a52e-4f735466cecf":"00000000-0000-04d7-ffff-ffff0000002b","ELEMENT":"00000000-0000-04d7-ffff-ffff0000002b"}
[38;5;144m[19d51e8e][0m[38;5;86m[HTTP][0m [37m<-- POST /session/19d51e8e-ec91-4982-b4ad-21b453b2a756/element [39m[32m200[39m [90m721 ms - 137[39m [90m[39m
[38;5;144m[19d51e8e][0m[38;5;86m[HTTP][0m [37m-->[39m [37mPOST[39m [37m/session/19d51e8e-ec91-4982-b4ad-21b453b2a756/element/00000000-0000-04d7-ffff-ffff0000002b/click[39m [90m{}[39m
[38;5;144m[19d51e8e][0m[38;5;7m[AndroidUiautomator2Driver@97c7][0m Calling AppiumDriver.click() with args: ["00000000-0000-04d7-ffff-ffff0000002b","19d51e8e-ec91-4982-b4ad-21b453b2a756"]
[38;5;144m[19d51e8e][0m[38;5;7m[AndroidUiautomator2Driver@97c7][0m Matched '/element/00000000-0000-04d7-ffff-ffff0000002b/click' to command name 'click'
[38;5;144m[19d51e8e][0m[38;5;7m[AndroidUiautomator2Driver@97c7][0m Proxying [POST /element/00000000-0000-04d7-ffff-ffff0000002b/click] to [POST http://127.0.0.1:8201/session/0f286207-101f-468a-b035-ea4ff41b4924/element/00000000-0000-04d7-ffff-ffff0000002b/click] with body: {"element":"00000000-0000-04d7-ffff-ffff0000002b"}
[38;5;144m[19d51e8e][0m[38;5;86m[HTTP][0m [37m-->[39m [37mPOST[39m [37m/session/19d51e8e-ec91-4982-b4ad-21b453b2a756/element/00000000-0000-04d7-ffff-ffff0000002b/clear[39m [90m{}[39m
[38;5;144m[19d51e8e][0m[38;5;7m[AndroidUiautomator2Driver@97c7][0m Calling AppiumDriver.clear() with args: ["00000000-0000-04d7-ffff-ffff0000002b","19d51e8e-ec91-4982-b4ad-21b453b2a756"]
[38;5;144m[19d51e8e][0m[38;5;7m[AndroidUiautomator2Driver@97c7][0m Got response with status 200: {"sessionId":"0f286207-101f-468a-b035-ea4ff41b4924","value":null}
[38;5;144m[19d51e8e][0m[38;5;7m[AndroidUiautomator2Driver@97c7][0m Matched '/element/00000000-0000-04d7-ffff-ffff0000002b/clear' to command name 'clear'
[38;5;144m[19d51e8e][0m[38;5;7m[AndroidUiautomator2Driver@97c7][0m Proxying [POST /element/00000000-0000-04d7-ffff-ffff0000002b/clear] to [POST http://127.0.0.1:8201/session/0f286207-101f-468a-b035-ea4ff41b4924/element/00000000-0000-04d7-ffff-ffff0000002b/clear] with body: {"elementId":"00000000-0000-04d7-ffff-ffff0000002b"}
[38;5;144m[19d51e8e][0m[38;5;7m[AndroidUiautomator2Driver@97c7][0m Responding to client with driver.click() result: null
[38;5;144m[19d51e8e][0m[38;5;86m[HTTP][0m [37m<-- POST /session/19d51e8e-ec91-4982-b4ad-21b453b2a756/element/00000000-0000-04d7-ffff-ffff0000002b/click [39m[32m200[39m [90m600 ms - 14[39m [90m[39m
[38;5;144m[19d51e8e][0m[38;5;7m[AndroidUiautomator2Driver@97c7][0m Got response with status 200: {"sessionId":"0f286207-101f-468a-b035-ea4ff41b4924","value":null}
[38;5;144m[19d51e8e][0m[38;5;7m[AndroidUiautomator2Driver@97c7][0m Responding to client with driver.clear() result: null
[38;5;144m[19d51e8e][0m[38;5;86m[HTTP][0m [37m<-- POST /session/19d51e8e-ec91-4982-b4ad-21b453b2a756/element/00000000-0000-04d7-ffff-ffff0000002b/clear [39m[32m200[39m [90m630 ms - 14[39m [90m[39m
[38;5;144m[19d51e8e][0m[38;5;86m[HTTP][0m [37m-->[39m [37mPOST[39m [37m/session/19d51e8e-ec91-4982-b4ad-21b453b2a756/element/00000000-0000-04d7-ffff-ffff0000002b/value[39m [90m{"text":"standard_user"}[39m
[38;5;144m[19d51e8e][0m[38;5;7m[AndroidUiautomator2Driver@97c7][0m Calling AppiumDriver.setValue() with args: ["standard_user","00000000-0000-04d7-ffff-ffff0000002b","19d51e8e-ec91-4982-b4ad-21b453b2a756"]
[38;5;144m[19d51e8e][0m[38;5;7m[AndroidUiautomator2Driver@97c7][0m Matched '/element/00000000-0000-04d7-ffff-ffff0000002b/value' to command name 'setValue'
[38;5;144m[19d51e8e][0m[38;5;7m[AndroidUiautomator2Driver@97c7][0m Added 'value' property ["s","t","a","n","d","a","r","d","_","u","s","e","r"] to 'setValue' request body
[38;5;144m[19d51e8e][0m[38;5;7m[AndroidUiautomator2Driver@97c7][0m Proxying [POST /element/00000000-0000-04d7-ffff-ffff0000002b/value] to [POST http://127.0.0.1:8201/session/0f286207-101f-468a-b035-ea4ff41b4924/element/00000000-0000-04d7-ffff-ffff0000002b/value] with body: {"elementId":"00000000-0000-04d7-ffff-ffff0000002b","text":"standard_user","replace":false,"value":["s","t","a","n","d","a","r","d","_","u","s","e","r"]}
[38;5;144m[19d51e8e][0m[38;5;7m[AndroidUiautomator2Driver@97c7][0m Got response with status 200: {"sessionId":"0f286207-101f-468a-b035-ea4ff41b4924","value":null}
[38;5;144m[19d51e8e][0m[38;5;7m[AndroidUiautomator2Driver@97c7][0m Responding to client with driver.setValue() result: null
[38;5;144m[19d51e8e][0m[38;5;86m[HTTP][0m [37m<-- POST /session/19d51e8e-ec91-4982-b4ad-21b453b2a756/element/00000000-0000-04d7-ffff-ffff0000002b/value [39m[32m200[39m [90m1501 ms - 14[39m [90m[39m
[38;5;144m[19d51e8e][0m[38;5;86m[HTTP][0m [37m-->[39m [37mPOST[39m [37m/session/19d51e8e-ec91-4982-b4ad-21b453b2a756/element[39m [90m{"using":"xpath","value":"//android.widget.EditText[@text=\"Password\"]"}[39m
[38;5;144m[19d51e8e][0m[38;5;7m[AndroidUiautomator2Driver@97c7][0m Calling AppiumDriver.findElement() with args: ["xpath","//android.widget.EditText[@text=\"Password\"]","19d51e8e-ec91-4982-b4ad-21b453b2a756"]
[38;5;144m[19d51e8e][0m[38;5;7m[AndroidUiautomator2Driver@97c7][0m Valid locator strategies for this request: xpath, id, class name, accessibility id, css selector, -android uiautomator
[38;5;144m[19d51e8e][0m[38;5;7m[AndroidUiautomator2Driver@97c7][0m Waiting up to 0 ms for condition
[38;5;144m[19d51e8e][0m[38;5;7m[AndroidUiautomator2Driver@97c7][0m Matched '/element' to command name 'findElement'
[38;5;144m[19d51e8e][0m[38;5;7m[AndroidUiautomator2Driver@97c7][0m Proxying [POST /element] to [POST http://127.0.0.1:8201/session/0f286207-101f-468a-b035-ea4ff41b4924/element] with body: {"strategy":"xpath","selector":"//android.widget.EditText[@text=\"Password\"]","context":"","multiple":false}
[38;5;144m[19d51e8e][0m[38;5;7m[AndroidUiautomator2Driver@97c7][0m Got response with status 200: {"sessionId":"0f286207-101f-468a-b035-ea4ff41b4924","value":{"ELEMENT":"00000000-0000-04d7-ffff-ffff0000002e","element-6066-11e4-a52e-4f735466cecf":"00000000-0000-04d7-ffff-ffff0000002e"}}
[38;5;144m[19d51e8e][0m[38;5;7m[AndroidUiautomator2Driver@97c7][0m Responding to client with driver.findElement() result: {"element-6066-11e4-a52e-4f735466cecf":"00000000-0000-04d7-ffff-ffff0000002e","ELEMENT":"00000000-0000-04d7-ffff-ffff0000002e"}
[38;5;144m[19d51e8e][0m[38;5;86m[HTTP][0m [37m<-- POST /session/19d51e8e-ec91-4982-b4ad-21b453b2a756/element [39m[32m200[39m [90m742 ms - 137[39m [90m[39m
[38;5;144m[19d51e8e][0m[38;5;86m[HTTP][0m [37m-->[39m [37mPOST[39m [37m/session/19d51e8e-ec91-4982-b4ad-21b453b2a756/element/00000000-0000-04d7-ffff-ffff0000002e/click[39m [90m{}[39m
[38;5;144m[19d51e8e][0m[38;5;7m[AndroidUiautomator2Driver@97c7][0m Calling AppiumDriver.click() with args: ["00000000-0000-04d7-ffff-ffff0000002e","19d51e8e-ec91-4982-b4ad-21b453b2a756"]
[38;5;144m[19d51e8e][0m[38;5;7m[AndroidUiautomator2Driver@97c7][0m Matched '/element/00000000-0000-04d7-ffff-ffff0000002e/click' to command name 'click'
[38;5;144m[19d51e8e][0m[38;5;7m[AndroidUiautomator2Driver@97c7][0m Proxying [POST /element/00000000-0000-04d7-ffff-ffff0000002e/click] to [POST http://127.0.0.1:8201/session/0f286207-101f-468a-b035-ea4ff41b4924/element/00000000-0000-04d7-ffff-ffff0000002e/click] with body: {"element":"00000000-0000-04d7-ffff-ffff0000002e"}
[38;5;144m[19d51e8e][0m[38;5;86m[HTTP][0m [37m-->[39m [37mPOST[39m [37m/session/19d51e8e-ec91-4982-b4ad-21b453b2a756/element/00000000-0000-04d7-ffff-ffff0000002e/clear[39m [90m{}[39m
[38;5;144m[19d51e8e][0m[38;5;7m[AndroidUiautomator2Driver@97c7][0m Calling AppiumDriver.clear() with args: ["00000000-0000-04d7-ffff-ffff0000002e","19d51e8e-ec91-4982-b4ad-21b453b2a756"]
[38;5;144m[19d51e8e][0m[38;5;7m[AndroidUiautomator2Driver@97c7][0m Got response with status 200: {"sessionId":"0f286207-101f-468a-b035-ea4ff41b4924","value":null}
[38;5;144m[19d51e8e][0m[38;5;7m[AndroidUiautomator2Driver@97c7][0m Matched '/element/00000000-0000-04d7-ffff-ffff0000002e/clear' to command name 'clear'
[38;5;144m[19d51e8e][0m[38;5;7m[AndroidUiautomator2Driver@97c7][0m Proxying [POST /element/00000000-0000-04d7-ffff-ffff0000002e/clear] to [POST http://127.0.0.1:8201/session/0f286207-101f-468a-b035-ea4ff41b4924/element/00000000-0000-04d7-ffff-ffff0000002e/clear] with body: {"elementId":"00000000-0000-04d7-ffff-ffff0000002e"}
[38;5;144m[19d51e8e][0m[38;5;7m[AndroidUiautomator2Driver@97c7][0m Responding to client with driver.click() result: null
[38;5;144m[19d51e8e][0m[38;5;86m[HTTP][0m [37m<-- POST /session/19d51e8e-ec91-4982-b4ad-21b453b2a756/element/00000000-0000-04d7-ffff-ffff0000002e/click [39m[32m200[39m [90m745 ms - 14[39m [90m[39m
[38;5;144m[19d51e8e][0m[38;5;7m[AndroidUiautomator2Driver@97c7][0m Got response with status 200: {"sessionId":"0f286207-101f-468a-b035-ea4ff41b4924","value":null}
[38;5;144m[19d51e8e][0m[38;5;7m[AndroidUiautomator2Driver@97c7][0m Responding to client with driver.clear() result: null
[38;5;144m[19d51e8e][0m[38;5;86m[HTTP][0m [37m<-- POST /session/19d51e8e-ec91-4982-b4ad-21b453b2a756/element/00000000-0000-04d7-ffff-ffff0000002e/clear [39m[32m200[39m [90m759 ms - 14[39m [90m[39m
[38;5;144m[19d51e8e][0m[38;5;86m[HTTP][0m [37m-->[39m [37mPOST[39m [37m/session/19d51e8e-ec91-4982-b4ad-21b453b2a756/element/00000000-0000-04d7-ffff-ffff0000002e/value[39m [90m{"text":"secret_sauce"}[39m
[38;5;144m[19d51e8e][0m[38;5;7m[AndroidUiautomator2Driver@97c7][0m Calling AppiumDriver.setValue() with args: ["secret_sauce","00000000-0000-04d7-ffff-ffff0000002e","19d51e8e-ec91-4982-b4ad-21b453b2a756"]
[38;5;144m[19d51e8e][0m[38;5;7m[AndroidUiautomator2Driver@97c7][0m Matched '/element/00000000-0000-04d7-ffff-ffff0000002e/value' to command name 'setValue'
[38;5;144m[19d51e8e][0m[38;5;7m[AndroidUiautomator2Driver@97c7][0m Added 'value' property ["s","e","c","r","e","t","_","s","a","u","c","e"] to 'setValue' request body
[38;5;144m[19d51e8e][0m[38;5;7m[AndroidUiautomator2Driver@97c7][0m Proxying [POST /element/00000000-0000-04d7-ffff-ffff0000002e/value] to [POST http://127.0.0.1:8201/session/0f286207-101f-468a-b035-ea4ff41b4924/element/00000000-0000-04d7-ffff-ffff0000002e/value] with body: {"elementId":"00000000-0000-04d7-ffff-ffff0000002e","text":"secret_sauce","replace":false,"value":["s","e","c","r","e","t","_","s","a","u","c","e"]}
[38;5;144m[19d51e8e][0m[38;5;7m[AndroidUiautomator2Driver@97c7][0m Got response with status 200: {"sessionId":"0f286207-101f-468a-b035-ea4ff41b4924","value":null}
[38;5;144m[19d51e8e][0m[38;5;7m[AndroidUiautomator2Driver@97c7][0m Responding to client with driver.setValue() result: null
[38;5;144m[19d51e8e][0m[38;5;86m[HTTP][0m [37m<-- POST /session/19d51e8e-ec91-4982-b4ad-21b453b2a756/element/00000000-0000-04d7-ffff-ffff0000002e/value [39m[32m200[39m [90m1284 ms - 14[39m [90m[39m
[38;5;144m[19d51e8e][0m[38;5;86m[HTTP][0m [37m-->[39m [37mPOST[39m [37m/session/19d51e8e-ec91-4982-b4ad-21b453b2a756/element[39m [90m{"using":"xpath","value":"//android.widget.TextView[@text=\"LOGIN\"]"}[39m
[38;5;144m[19d51e8e][0m[38;5;7m[AndroidUiautomator2Driver@97c7][0m Calling AppiumDriver.findElement() with args: ["xpath","//android.widget.TextView[@text=\"LOGIN\"]","19d51e8e-ec91-4982-b4ad-21b453b2a756"]
[38;5;144m[19d51e8e][0m[38;5;7m[AndroidUiautomator2Driver@97c7][0m Valid locator strategies for this request: xpath, id, class name, accessibility id, css selector, -android uiautomator
[38;5;144m[19d51e8e][0m[38;5;7m[AndroidUiautomator2Driver@97c7][0m Waiting up to 0 ms for condition
[38;5;144m[19d51e8e][0m[38;5;7m[AndroidUiautomator2Driver@97c7][0m Matched '/element' to command name 'findElement'
[38;5;144m[19d51e8e][0m[38;5;7m[AndroidUiautomator2Driver@97c7][0m Proxying [POST /element] to [POST http://127.0.0.1:8201/session/0f286207-101f-468a-b035-ea4ff41b4924/element] with body: {"strategy":"xpath","selector":"//android.widget.TextView[@text=\"LOGIN\"]","context":"","multiple":false}
[38;5;144m[19d51e8e][0m[38;5;7m[AndroidUiautomator2Driver@97c7][0m Got response with status 200: {"sessionId":"0f286207-101f-468a-b035-ea4ff41b4924","value":{"ELEMENT":"00000000-0000-04d7-ffff-ffff00000030","element-6066-11e4-a52e-4f735466cecf":"00000000-0000-04d7-ffff-ffff00000030"}}
[38;5;144m[19d51e8e][0m[38;5;7m[AndroidUiautomator2Driver@97c7][0m Responding to client with driver.findElement() result: {"element-6066-11e4-a52e-4f735466cecf":"00000000-0000-04d7-ffff-ffff00000030","ELEMENT":"00000000-0000-04d7-ffff-ffff00000030"}
[38;5;144m[19d51e8e][0m[38;5;86m[HTTP][0m [37m<-- POST /session/19d51e8e-ec91-4982-b4ad-21b453b2a756/element [39m[32m200[39m [90m115 ms - 137[39m [90m[39m
[38;5;144m[19d51e8e][0m[38;5;86m[HTTP][0m [37m-->[39m [37mPOST[39m [37m/session/19d51e8e-ec91-4982-b4ad-21b453b2a756/element/00000000-0000-04d7-ffff-ffff00000030/click[39m [90m{}[39m
[38;5;144m[19d51e8e][0m[38;5;7m[AndroidUiautomator2Driver@97c7][0m Calling AppiumDriver.click() with args: ["00000000-0000-04d7-ffff-ffff00000030","19d51e8e-ec91-4982-b4ad-21b453b2a756"]
[38;5;144m[19d51e8e][0m[38;5;7m[AndroidUiautomator2Driver@97c7][0m Matched '/element/00000000-0000-04d7-ffff-ffff00000030/click' to command name 'click'
[38;5;144m[19d51e8e][0m[38;5;7m[AndroidUiautomator2Driver@97c7][0m Proxying [POST /element/00000000-0000-04d7-ffff-ffff00000030/click] to [POST http://127.0.0.1:8201/session/0f286207-101f-468a-b035-ea4ff41b4924/element/00000000-0000-04d7-ffff-ffff00000030/click] with body: {"element":"00000000-0000-04d7-ffff-ffff00000030"}
[38;5;144m[19d51e8e][0m[38;5;7m[AndroidUiautomator2Driver@97c7][0m Got response with status 200: {"sessionId":"0f286207-101f-468a-b035-ea4ff41b4924","value":null}
[38;5;144m[19d51e8e][0m[38;5;7m[AndroidUiautomator2Driver@97c7][0m Responding to client with driver.click() result: null
[38;5;144m[19d51e8e][0m[38;5;86m[HTTP][0m [37m<-- POST /session/19d51e8e-ec91-4982-b4ad-21b453b2a756/element/00000000-0000-04d7-ffff-ffff00000030/click [39m[32m200[39m [90m64 ms - 14[39m [90m[39m
[38;5;144m[19d51e8e][0m[38;5;86m[HTTP][0m [37m-->[39m [37mPOST[39m [37m/session/19d51e8e-ec91-4982-b4ad-21b453b2a756/element[39m [90m{"using":"xpath","value":"//android.widget.TextView[@text=\"PRODUCTS\"]"}[39m
[38;5;144m[19d51e8e][0m[38;5;7m[AndroidUiautomator2Driver@97c7][0m Calling AppiumDriver.findElement() with args: ["xpath","//android.widget.TextView[@text=\"PRODUCTS\"]","19d51e8e-ec91-4982-b4ad-21b453b2a756"]
[38;5;144m[19d51e8e][0m[38;5;7m[AndroidUiautomator2Driver@97c7][0m Valid locator strategies for this request: xpath, id, class name, accessibility id, css selector, -android uiautomator
[38;5;144m[19d51e8e][0m[38;5;7m[AndroidUiautomator2Driver@97c7][0m Waiting up to 0 ms for condition
[38;5;144m[19d51e8e][0m[38;5;7m[AndroidUiautomator2Driver@97c7][0m Matched '/element' to command name 'findElement'
[38;5;144m[19d51e8e][0m[38;5;7m[AndroidUiautomator2Driver@97c7][0m Proxying [POST /element] to [POST http://127.0.0.1:8201/session/0f286207-101f-468a-b035-ea4ff41b4924/element] with body: {"strategy":"xpath","selector":"//android.widget.TextView[@text=\"PRODUCTS\"]","context":"","multiple":false}
[38;5;144m[19d51e8e][0m[38;5;7m[AndroidUiautomator2Driver@97c7][0m Got response with status 200: {"sessionId":"0f286207-101f-468a-b035-ea4ff41b4924","value":{"ELEMENT":"00000000-0000-04d7-ffff-ffff00000044","element-6066-11e4-a52e-4f735466cecf":"00000000-0000-04d7-ffff-ffff00000044"}}
[38;5;144m[19d51e8e][0m[38;5;7m[AndroidUiautomator2Driver@97c7][0m Responding to client with driver.findElement() result: {"element-6066-11e4-a52e-4f735466cecf":"00000000-0000-04d7-ffff-ffff00000044","ELEMENT":"00000000-0000-04d7-ffff-ffff00000044"}
[38;5;144m[19d51e8e][0m[38;5;86m[HTTP][0m [37m<-- POST /session/19d51e8e-ec91-4982-b4ad-21b453b2a756/element [39m[32m200[39m [90m222 ms - 137[39m [90m[39m
[38;5;144m[19d51e8e][0m[38;5;86m[HTTP][0m [37m-->[39m [37mGET[39m [37m/session/19d51e8e-ec91-4982-b4ad-21b453b2a756/element/00000000-0000-04d7-ffff-ffff00000044/text[39m [90m{}[39m
[38;5;144m[19d51e8e][0m[38;5;7m[AndroidUiautomator2Driver@97c7][0m Driver proxy active, passing request on via HTTP proxy
[38;5;144m[19d51e8e][0m[38;5;7m[AndroidUiautomator2Driver@97c7][0m Matched '/session/19d51e8e-ec91-4982-b4ad-21b453b2a756/element/00000000-0000-04d7-ffff-ffff00000044/text' to command name 'getText'
[38;5;144m[19d51e8e][0m[38;5;7m[AndroidUiautomator2Driver@97c7][0m Proxying [GET /session/19d51e8e-ec91-4982-b4ad-21b453b2a756/element/00000000-0000-04d7-ffff-ffff00000044/text] to [GET http://127.0.0.1:8201/session/0f286207-101f-468a-b035-ea4ff41b4924/element/00000000-0000-04d7-ffff-ffff00000044/text] with no body
[38;5;144m[19d51e8e][0m[38;5;7m[AndroidUiautomator2Driver@97c7][0m Got response with status 200: {"sessionId":"0f286207-101f-468a-b035-ea4ff41b4924","value":"PRODUCTS"}
[38;5;144m[19d51e8e][0m[38;5;7m[AndroidUiautomator2Driver@97c7][0m Replacing sessionId 0f286207-101f-468a-b035-ea4ff41b4924 with 19d51e8e-ec91-4982-b4ad-21b453b2a756
[38;5;144m[19d51e8e][0m[38;5;86m[HTTP][0m [37m<-- GET /session/19d51e8e-ec91-4982-b4ad-21b453b2a756/element/00000000-0000-04d7-ffff-ffff00000044/text [39m[32m200[39m [90m33 ms - 71[39m [90m[39m
[38;5;144m[19d51e8e][0m[38;5;86m[HTTP][0m [37m-->[39m [37mDELETE[39m [37m/session/19d51e8e-ec91-4982-b4ad-21b453b2a756[39m [90m{}[39m
[38;5;144m[19d51e8e][0m[38;5;7m[AndroidUiautomator2Driver@97c7][0m Calling AppiumDriver.deleteSession() with args: ["19d51e8e-ec91-4982-b4ad-21b453b2a756"]
[38;5;144m[19d51e8e][0m[38;5;57m[AppiumDriver@759f][0m Event 'quitSessionRequested' logged at 1722427075606 (17:27:55 GMT+0530 (India Standard Time))
[38;5;144m[19d51e8e][0m[38;5;57m[AppiumDriver@759f][0m Removing session 19d51e8e-ec91-4982-b4ad-21b453b2a756 from our master session list
[38;5;144m[19d51e8e][0m[38;5;7m[AndroidUiautomator2Driver@97c7][0m Deleting UiAutomator2 session
[38;5;144m[19d51e8e][0m[38;5;7m[AndroidUiautomator2Driver@97c7][0m Deleting UiAutomator2 server session
[38;5;144m[19d51e8e][0m[38;5;7m[AndroidUiautomator2Driver@97c7][0m Matched '/' to command name 'deleteSession'
[38;5;144m[19d51e8e][0m[38;5;7m[AndroidUiautomator2Driver@97c7][0m Proxying [DELETE /] to [DELETE http://127.0.0.1:8201/session/0f286207-101f-468a-b035-ea4ff41b4924] with no body
[38;5;144m[19d51e8e][0m[38;5;7m[AndroidUiautomator2Driver@97c7][0m Got response with status 200: {"sessionId":"0f286207-101f-468a-b035-ea4ff41b4924","value":null}
[38;5;144m[19d51e8e][0m[38;5;7m[AndroidUiautomator2Driver@97c7][0m [Instrumentation] io.appium.uiautomator2.server.test.AppiumUiAutomator2Server:
[38;5;144m[19d51e8e][0m[38;5;7m[AndroidUiautomator2Driver@97c7][0m [Instrumentation] The process has exited with code null, signal SIGTERM
[38;5;144m[19d51e8e][0m[38;5;229m[ADB][0m Running 'C:\Users\Datamatics\AppData\Local\Android\sdk\platform-tools\adb.exe -P 5037 -s RZCW40LET9X shell dumpsys activity services io.appium.settings/.recorder.RecorderService'
[38;5;144m[19d51e8e][0m[38;5;229m[ADB][0m Running 'C:\Users\Datamatics\AppData\Local\Android\sdk\platform-tools\adb.exe -P 5037 -s RZCW40LET9X shell am force-stop com.swaglabsmobileapp'
[38;5;144m[19d51e8e][0m[38;5;229m[ADB][0m Removing forwarded port socket connection: 8201 
[38;5;144m[19d51e8e][0m[38;5;229m[ADB][0m Running 'C:\Users\Datamatics\AppData\Local\Android\sdk\platform-tools\adb.exe -P 5037 -s RZCW40LET9X forward --remove tcp:8201'
[38;5;144m[19d51e8e][0m[38;5;7m[AndroidUiautomator2Driver@97c7][0m Restoring hidden api policy to the device default configuration
[38;5;144m[19d51e8e][0m[38;5;229m[ADB][0m Running 'C:\Users\Datamatics\AppData\Local\Android\sdk\platform-tools\adb.exe -P 5037 -s RZCW40LET9X shell 'settings delete global hidden_api_policy_pre_p_apps;settings delete global hidden_api_policy_p_apps;settings delete global hidden_api_policy''
[38;5;144m[19d51e8e][0m[38;5;160m[Logcat][0m Stopping logcat capture
[38;5;144m[19d51e8e][0m[38;5;57m[AppiumDriver@759f][0m Event 'quitSessionFinished' logged at 1722427076280 (17:27:56 GMT+0530 (India Standard Time))
[38;5;144m[19d51e8e][0m[38;5;57m[AppiumDriver@759f][0m Received response: null
[38;5;144m[19d51e8e][0m[38;5;57m[AppiumDriver@759f][0m But deleting session, so not returning
[38;5;144m[19d51e8e][0m[38;5;57m[AppiumDriver@759f][0m Responding to client with driver.deleteSession() result: null
[38;5;144m[19d51e8e][0m[38;5;86m[HTTP][0m [37m<-- DELETE /session/19d51e8e-ec91-4982-b4ad-21b453b2a756 [39m[32m200[39m [90m676 ms - 14[39m [90m[39m
